0 info it worked if it ends with ok
1 verbose cli [ 'C:\\Program Files (x86)\\nodejs\\node.exe',
1 verbose cli   'C:\\Program Files (x86)\\nodejs\\node_modules\\npm\\bin\\npm-cli.js',
1 verbose cli   'start' ]
2 info using npm@3.10.10
3 info using node@v6.9.4
4 verbose run-script [ 'prestart', 'start', 'poststart' ]
5 info lifecycle website-using-express@0.0.1~prestart: website-using-express@0.0.1
6 silly lifecycle website-using-express@0.0.1~prestart: no script for prestart, continuing
7 info lifecycle website-using-express@0.0.1~start: website-using-express@0.0.1
8 verbose lifecycle website-using-express@0.0.1~start: unsafe-perm in lifecycle true
9 verbose lifecycle website-using-express@0.0.1~start: PATH: C:\Program Files (x86)\nodejs\node_modules\npm\bin\node-gyp-bin;C:\Users\dskoo\webReact\bootstrapweb\study\node_modules\.bin;C:\watcom-1.3\binnt;C:\watcom-1.3\binw;C:\Program Files (x86)\Common Files\Intel\Shared Libraries\redist\ia32\compiler;C:\tools\ruby23\bin;C:\ProgramData\Oracle\Java\javapath;C:\Program Files (x86)\Intel\iCLS Client\;C:\Program Files\Intel\iCLS Client\;C:\WINDOWS\system32;C:\WINDOWS;C:\WINDOWS\System32\Wbem;C:\WINDOWS\System32\WindowsPowerShell\v1.0\;C:\Program Files (x86)\Intel\Intel(R) Management Engine Components\DAL;C:\Program Files\Intel\Intel(R) Management Engine Components\DAL;C:\Program Files (x86)\Intel\Intel(R) Management Engine Components\IPT;C:\Program Files\Intel\Intel(R) Management Engine Components\IPT;C:\Program Files\Intel\WiFi\bin\;C:\Program Files\Common Files\Intel\WirelessCommon\;C:\Program Files\Microsoft SQL Server\120\Tools\Binn\;C:\Program Files (x86)\Windows Kits\10\Windows Performance Toolkit\;C:\Program Files\Microsoft\Web Platform Installer\;C:\Program Files\Git\cmd;C:\Program Files\Git\mingw64\bin;C:\Program Files\Git\usr\bin;C:\Users\dskoo\Desktop\php;C:\ProgramData\ComposerSetup\bin;C:\HashiCorp\Vagrant\bin;C:\ProgramData\chocolatey\bin;C:\tools\python2;C:\Program Files (x86)\Heroku\bin;C:\Program Files (x86)\git\cmd;C:\Program Files (x86)\Git\cmd;C:\Program Files (x86)\nodejs\;C:\Program Files (x86)\Brackets\command;C:\Program Files (x86)\GtkSharp\2.12\bin;C:\Users\dskoo\AppData\Roaming\Composer\vendor\bin;C:\Users\dskoo\AppData\Local\Microsoft\WindowsApps;C:\Users\dskoo\AppData\Local\atom\bin;C:\Users\dskoo\AppData\Local\Android\sdk\platform-tools;C:\Program Files\MongoDB\Server\3.2\bin;C:\Program Files\CMake\bin;C:\Users\dskoo\AppData\Roaming\npm
10 verbose lifecycle website-using-express@0.0.1~start: CWD: C:\Users\dskoo\webReact\bootstrapweb\study
11 silly lifecycle website-using-express@0.0.1~start: Args: [ '/d /s /c', 'node Server.js' ]
12 silly lifecycle website-using-express@0.0.1~start: Returned: code: 3221225786  signal: null
13 info lifecycle website-using-express@0.0.1~start: Failed to exec start script
14 verbose stack Error: website-using-express@0.0.1 start: `node Server.js`
14 verbose stack Exit status 3221225786
14 verbose stack     at EventEmitter.<anonymous> (C:\Program Files (x86)\nodejs\node_modules\npm\lib\utils\lifecycle.js:255:16)
14 verbose stack     at emitTwo (events.js:106:13)
14 verbose stack     at EventEmitter.emit (events.js:191:7)
14 verbose stack     at ChildProcess.<anonymous> (C:\Program Files (x86)\nodejs\node_modules\npm\lib\utils\spawn.js:40:14)
14 verbose stack     at emitTwo (events.js:106:13)
14 verbose stack     at ChildProcess.emit (events.js:191:7)
14 verbose stack     at maybeClose (internal/child_process.js:877:16)
14 verbose stack     at Process.ChildProcess._handle.onexit (internal/child_process.js:226:5)
15 verbose pkgid website-using-express@0.0.1
16 verbose cwd C:\Users\dskoo\webReact\bootstrapweb\study
17 error Windows_NT 10.0.14393
18 error argv "C:\\Program Files (x86)\\nodejs\\node.exe" "C:\\Program Files (x86)\\nodejs\\node_modules\\npm\\bin\\npm-cli.js" "start"
19 error node v6.9.4
20 error npm  v3.10.10
21 error code ELIFECYCLE
22 error website-using-express@0.0.1 start: `node Server.js`
22 error Exit status 3221225786
23 error Failed at the website-using-express@0.0.1 start script 'node Server.js'.
23 error Make sure you have the latest version of node.js and npm installed.
23 error If you do, this is most likely a problem with the website-using-express package,
23 error not with npm itself.
23 error Tell the author that this fails on your system:
23 error     node Server.js
23 error You can get information on how to open an issue for this project with:
23 error     npm bugs website-using-express
23 error Or if that isn't available, you can get their info via:
23 error     npm owner ls website-using-express
23 error There is likely additional logging output above.
24 verbose exit [ 1, true ]
